0 info it worked if it ends with ok
1 verbose cli [ '/Users/jmreidy/.nvm/v0.10.2/bin/node',
1 verbose cli   '/Users/jmreidy/.nvm/v0.10.2/bin/npm',
1 verbose cli   'publish' ]
2 info using npm@1.2.15
3 info using node@v0.10.2
4 verbose publish [ '.' ]
5 verbose read json /Users/jmreidy/Workspace/Libs/grunt-browserify/package.json
6 verbose cache add [ '.', null ]
7 verbose cache add name=undefined spec="." args=[".",null]
8 verbose parsed url { protocol: null,
8 verbose parsed url   slashes: null,
8 verbose parsed url   auth: null,
8 verbose parsed url   host: null,
8 verbose parsed url   port: null,
8 verbose parsed url   hostname: null,
8 verbose parsed url   hash: null,
8 verbose parsed url   search: null,
8 verbose parsed url   query: null,
8 verbose parsed url   pathname: '.',
8 verbose parsed url   path: '.',
8 verbose parsed url   href: '.' }
9 silly lockFile 3a52ce78- .
10 verbose lock . /Users/jmreidy/.npm/3a52ce78-.lock
11 verbose read json package.json
12 verbose tar pack [ '/var/folders/dw/06l8g6sn5qn4swrjrs5f0gtw0000gn/T/npm-29052/1365874729941-0.4252665052190423/tmp.tgz',
12 verbose tar pack   '.' ]
13 verbose tarball /var/folders/dw/06l8g6sn5qn4swrjrs5f0gtw0000gn/T/npm-29052/1365874729941-0.4252665052190423/tmp.tgz
14 verbose folder .
15 info prepublish grunt-browserify@0.2.1
16 silly lockFile 3a52ce78- .
17 verbose lock . /Users/jmreidy/.npm/3a52ce78-.lock
18 silly lockFile f0f8191b-29941-0-4252665052190423-tmp-tgz /var/folders/dw/06l8g6sn5qn4swrjrs5f0gtw0000gn/T/npm-29052/1365874729941-0.4252665052190423/tmp.tgz
19 verbose lock /var/folders/dw/06l8g6sn5qn4swrjrs5f0gtw0000gn/T/npm-29052/1365874729941-0.4252665052190423/tmp.tgz /Users/jmreidy/.npm/f0f8191b-29941-0-4252665052190423-tmp-tgz.lock
20 silly lockFile 3a52ce78- .
21 silly lockFile 3a52ce78- .
22 silly lockFile f0f8191b-29941-0-4252665052190423-tmp-tgz /var/folders/dw/06l8g6sn5qn4swrjrs5f0gtw0000gn/T/npm-29052/1365874729941-0.4252665052190423/tmp.tgz
23 silly lockFile f0f8191b-29941-0-4252665052190423-tmp-tgz /var/folders/dw/06l8g6sn5qn4swrjrs5f0gtw0000gn/T/npm-29052/1365874729941-0.4252665052190423/tmp.tgz
24 verbose tar unpack /var/folders/dw/06l8g6sn5qn4swrjrs5f0gtw0000gn/T/npm-29052/1365874729941-0.4252665052190423/tmp.tgz
25 silly lockFile 9fc02004-29941-0-4252665052190423-package /var/folders/dw/06l8g6sn5qn4swrjrs5f0gtw0000gn/T/npm-29052/1365874729941-0.4252665052190423/package
26 verbose lock /var/folders/dw/06l8g6sn5qn4swrjrs5f0gtw0000gn/T/npm-29052/1365874729941-0.4252665052190423/package /Users/jmreidy/.npm/9fc02004-29941-0-4252665052190423-package.lock
27 silly lockFile f0f8191b-29941-0-4252665052190423-tmp-tgz /var/folders/dw/06l8g6sn5qn4swrjrs5f0gtw0000gn/T/npm-29052/1365874729941-0.4252665052190423/tmp.tgz
28 verbose lock /var/folders/dw/06l8g6sn5qn4swrjrs5f0gtw0000gn/T/npm-29052/1365874729941-0.4252665052190423/tmp.tgz /Users/jmreidy/.npm/f0f8191b-29941-0-4252665052190423-tmp-tgz.lock
29 silly gunzTarPerm modes [ '755', '644' ]
30 silly gunzTarPerm extractEntry package.json
31 silly gunzTarPerm extractEntry .npmignore
32 silly gunzTarPerm extractEntry README.md
33 silly gunzTarPerm extractEntry Gruntfile.js
34 silly gunzTarPerm extractEntry .travis.yml
35 silly gunzTarPerm extractEntry LICENSE-MIT
36 silly gunzTarPerm extractEntry tasks/browserify.js
37 silly gunzTarPerm extractEntry test/browserify_test.js
38 silly gunzTarPerm extractEntry test/expected/alias.js
39 silly gunzTarPerm extractEntry test/expected/basic.js
40 silly gunzTarPerm extractEntry test/expected/external.js
41 silly gunzTarPerm extractEntry test/expected/ignores.js
42 silly gunzTarPerm extractEntry test/expected/sourceMaps.js
43 silly gunzTarPerm extractEntry test/fixtures/a.js
44 silly gunzTarPerm extractEntry test/fixtures/b.js
45 silly gunzTarPerm extractEntry test/fixtures/ignore.js
46 silly gunzTarPerm extractEntry test/fixtures/alias/entry.js
47 silly gunzTarPerm extractEntry test/fixtures/alias/toBeAliased.js
48 silly gunzTarPerm extractEntry tmp/alias.js
49 silly gunzTarPerm extractEntry tmp/aliasString.js
50 silly gunzTarPerm extractEntry tmp/basic.js
51 silly gunzTarPerm extractEntry tmp/external.js
52 silly gunzTarPerm extractEntry tmp/ignores.js
53 silly gunzTarPerm extractEntry tmp/sourceMaps.js
54 verbose read json /var/folders/dw/06l8g6sn5qn4swrjrs5f0gtw0000gn/T/npm-29052/1365874729941-0.4252665052190423/package/package.json
55 silly lockFile 9fc02004-29941-0-4252665052190423-package /var/folders/dw/06l8g6sn5qn4swrjrs5f0gtw0000gn/T/npm-29052/1365874729941-0.4252665052190423/package
56 silly lockFile 9fc02004-29941-0-4252665052190423-package /var/folders/dw/06l8g6sn5qn4swrjrs5f0gtw0000gn/T/npm-29052/1365874729941-0.4252665052190423/package
57 silly lockFile f0f8191b-29941-0-4252665052190423-tmp-tgz /var/folders/dw/06l8g6sn5qn4swrjrs5f0gtw0000gn/T/npm-29052/1365874729941-0.4252665052190423/tmp.tgz
58 silly lockFile f0f8191b-29941-0-4252665052190423-tmp-tgz /var/folders/dw/06l8g6sn5qn4swrjrs5f0gtw0000gn/T/npm-29052/1365874729941-0.4252665052190423/tmp.tgz
59 verbose from cache /var/folders/dw/06l8g6sn5qn4swrjrs5f0gtw0000gn/T/npm-29052/1365874729941-0.4252665052190423/package/package.json
60 verbose tar pack [ '/Users/jmreidy/.npm/grunt-browserify/0.2.1/package.tgz',
60 verbose tar pack   '/var/folders/dw/06l8g6sn5qn4swrjrs5f0gtw0000gn/T/npm-29052/1365874729941-0.4252665052190423/package' ]
61 verbose tarball /Users/jmreidy/.npm/grunt-browserify/0.2.1/package.tgz
62 verbose folder /var/folders/dw/06l8g6sn5qn4swrjrs5f0gtw0000gn/T/npm-29052/1365874729941-0.4252665052190423/package
63 silly lockFile 9fc02004-29941-0-4252665052190423-package /var/folders/dw/06l8g6sn5qn4swrjrs5f0gtw0000gn/T/npm-29052/1365874729941-0.4252665052190423/package
64 verbose lock /var/folders/dw/06l8g6sn5qn4swrjrs5f0gtw0000gn/T/npm-29052/1365874729941-0.4252665052190423/package /Users/jmreidy/.npm/9fc02004-29941-0-4252665052190423-package.lock
65 silly lockFile 27020ec0-unt-browserify-0-2-1-package-tgz /Users/jmreidy/.npm/grunt-browserify/0.2.1/package.tgz
66 verbose lock /Users/jmreidy/.npm/grunt-browserify/0.2.1/package.tgz /Users/jmreidy/.npm/27020ec0-unt-browserify-0-2-1-package-tgz.lock
67 silly lockFile 9fc02004-29941-0-4252665052190423-package /var/folders/dw/06l8g6sn5qn4swrjrs5f0gtw0000gn/T/npm-29052/1365874729941-0.4252665052190423/package
68 silly lockFile 9fc02004-29941-0-4252665052190423-package /var/folders/dw/06l8g6sn5qn4swrjrs5f0gtw0000gn/T/npm-29052/1365874729941-0.4252665052190423/package
69 silly lockFile 27020ec0-unt-browserify-0-2-1-package-tgz /Users/jmreidy/.npm/grunt-browserify/0.2.1/package.tgz
70 silly lockFile 27020ec0-unt-browserify-0-2-1-package-tgz /Users/jmreidy/.npm/grunt-browserify/0.2.1/package.tgz
71 silly lockFile b59aa347-m-grunt-browserify-0-2-1-package /Users/jmreidy/.npm/grunt-browserify/0.2.1/package
72 verbose lock /Users/jmreidy/.npm/grunt-browserify/0.2.1/package /Users/jmreidy/.npm/b59aa347-m-grunt-browserify-0-2-1-package.lock
73 silly lockFile b59aa347-m-grunt-browserify-0-2-1-package /Users/jmreidy/.npm/grunt-browserify/0.2.1/package
74 silly lockFile b59aa347-m-grunt-browserify-0-2-1-package /Users/jmreidy/.npm/grunt-browserify/0.2.1/package
75 verbose tar unpack /Users/jmreidy/.npm/grunt-browserify/0.2.1/package.tgz
76 silly lockFile b59aa347-m-grunt-browserify-0-2-1-package /Users/jmreidy/.npm/grunt-browserify/0.2.1/package
77 verbose lock /Users/jmreidy/.npm/grunt-browserify/0.2.1/package /Users/jmreidy/.npm/b59aa347-m-grunt-browserify-0-2-1-package.lock
78 silly lockFile 27020ec0-unt-browserify-0-2-1-package-tgz /Users/jmreidy/.npm/grunt-browserify/0.2.1/package.tgz
79 verbose lock /Users/jmreidy/.npm/grunt-browserify/0.2.1/package.tgz /Users/jmreidy/.npm/27020ec0-unt-browserify-0-2-1-package-tgz.lock
80 silly gunzTarPerm modes [ '755', '644' ]
81 silly gunzTarPerm extractEntry package.json
82 silly gunzTarPerm extractEntry .npmignore
83 silly gunzTarPerm extractEntry README.md
84 silly gunzTarPerm extractEntry Gruntfile.js
85 silly gunzTarPerm extractEntry .travis.yml
86 silly gunzTarPerm extractEntry LICENSE-MIT
87 silly gunzTarPerm extractEntry tasks/browserify.js
88 silly gunzTarPerm extractEntry test/browserify_test.js
89 silly gunzTarPerm extractEntry test/expected/alias.js
90 silly gunzTarPerm extractEntry test/expected/basic.js
91 silly gunzTarPerm extractEntry test/expected/external.js
92 silly gunzTarPerm extractEntry test/expected/ignores.js
93 silly gunzTarPerm extractEntry test/expected/sourceMaps.js
94 silly gunzTarPerm extractEntry test/fixtures/a.js
95 silly gunzTarPerm extractEntry test/fixtures/b.js
96 silly gunzTarPerm extractEntry test/fixtures/ignore.js
97 silly gunzTarPerm extractEntry test/fixtures/alias/entry.js
98 silly gunzTarPerm extractEntry test/fixtures/alias/toBeAliased.js
99 silly gunzTarPerm extractEntry tmp/alias.js
100 silly gunzTarPerm extractEntry tmp/aliasString.js
101 silly gunzTarPerm extractEntry tmp/basic.js
102 silly gunzTarPerm extractEntry tmp/external.js
103 silly gunzTarPerm extractEntry tmp/ignores.js
104 silly gunzTarPerm extractEntry tmp/sourceMaps.js
105 verbose read json /Users/jmreidy/.npm/grunt-browserify/0.2.1/package/package.json
106 silly lockFile b59aa347-m-grunt-browserify-0-2-1-package /Users/jmreidy/.npm/grunt-browserify/0.2.1/package
107 silly lockFile b59aa347-m-grunt-browserify-0-2-1-package /Users/jmreidy/.npm/grunt-browserify/0.2.1/package
108 silly lockFile 27020ec0-unt-browserify-0-2-1-package-tgz /Users/jmreidy/.npm/grunt-browserify/0.2.1/package.tgz
109 silly lockFile 27020ec0-unt-browserify-0-2-1-package-tgz /Users/jmreidy/.npm/grunt-browserify/0.2.1/package.tgz
110 silly shasum updated bytes 5399
111 info shasum 72a9c28328b9894aa5c2b67ade240d0afa0a579b
111 info shasum /Users/jmreidy/.npm/grunt-browserify/0.2.1/package.tgz
112 verbose from cache /Users/jmreidy/.npm/grunt-browserify/0.2.1/package/package.json
113 verbose chmod /Users/jmreidy/.npm/grunt-browserify/0.2.1/package.tgz 644
114 verbose chown /Users/jmreidy/.npm/grunt-browserify/0.2.1/package.tgz [ 501, 20 ]
115 silly lockFile 3a52ce78- .
116 silly publish { name: 'grunt-browserify',
116 silly publish   description: 'Grunt task for node-browserify',
116 silly publish   version: '0.2.1',
116 silly publish   homepage: 'https://github.com/jmreidy/grunt-browserify',
116 silly publish   contributors: [ { name: 'Justin Reidy', email: 'jmreidy@rzrsharp.net' } ],
116 silly publish   repository:
116 silly publish    { type: 'git',
116 silly publish      url: 'git://github.com/jmreidy/grunt-browserify.git' },
116 silly publish   bugs: { url: 'https://github.com/jmreidy/grunt-browserify/issues' },
116 silly publish   licenses:
116 silly publish    [ { type: 'MIT',
116 silly publish        url: 'https://github.com/jmreidy/grunt-browserify/blob/master/LICENSE-MIT' } ],
116 silly publish   main: 'grunt.js',
116 silly publish   engines: { node: '>= 0.10.0' },
116 silly publish   scripts: { test: 'grunt nodeunit' },
116 silly publish   dependencies: { browserify: '~2.12.0' },
116 silly publish   devDependencies:
116 silly publish    { 'grunt-contrib-jshint': '0.1.x',
116 silly publish      'grunt-contrib-clean': '~0.4.0',
116 silly publish      'grunt-contrib-nodeunit': '~0.1.2' },
116 silly publish   peerDependencies: { grunt: '~0.4.0' },
116 silly publish   keywords: [ 'gruntplugin', 'browserify', 'grunt' ],
116 silly publish   readme: '[![build status](https://secure.travis-ci.org/jmreidy/grunt-browserify.png)](http://travis-ci.org/jmreidy/grunt-browserify)\n# grunt-browserify\n\nGrunt task for node-browserify. Current version: 0.2.x.\n\n## Getting Started\nThis plugin requires [Grunt](https://gruntjs.com) `~0.4.0` and Node `>=0.10.x`.\n\nInstall this grunt plugin with:\n\n```shell\nnpm install grunt-browserify —save-dev\n```\n\nThen add this line to your project\'s `grunt.js` Gruntfile:\n\n```javascript\ngrunt.loadNpmTasks(\'grunt-browserify\');\n```\n\n\n## Documentation\nRun this task with the `grunt browserify` command. As with other Grunt plugins, the `src` and `dest` properties are most important: `src` will use the Grunt glob pattern to specify files for inclusion in the browserified package, and `dest` will specify the outfile for the compiled module.\n\n### Options\n#### ignore\nType: `[String]`\n\nSpecifies files to be ignored in the browserify bundle.\n\n#### alias\nType: `[String:String]` or comma-separated `String`\n\nBrowserify can alias files to a certain name. For example, `require(‘./foo’)` can be aliased to be used as `require(‘foo’)`. Aliases should be specified as `fileName:alias`.\n\n#### external\nType: `[String]`\n\nSpecifies files to be loaded from a previously loaded, “common” bundle.\n\n#### options:debug\nType: `Boolean`\n\nEnable source map support.\n\n###Usage\nTo get things running, add the following entry to `grunt.initConfig()`:\n\n```javascript\n    browserify: {\n      src: [‘client/scripts/**/*.js`],\n      dest: ‘build/module.js’\n\t}\n```\nMore complicated use cases can be found within this projects own `Gruntfile`.\n\n\n## Contributing\nIn lieu of a formal styleguide, take care to maintain the existing coding style. Add unit tests for any new or changed functionality. Lint and test your code using `grunt`.\n\n## Release History\n\n### v0.1.0\n  - Initial release\n\n### v0.1.1\n  - Properly support compact and full grunt task syntax\n\n### v0.2.0\n  - Add support for Browserify 2\n\n## License\nCopyright (c) 2013 Justin Reidy\nLicensed under the MIT license.\n\n',
116 silly publish   readmeFilename: 'README.md',
116 silly publish   _id: 'grunt-browserify@0.2.1',
116 silly publish   dist: { shasum: '72a9c28328b9894aa5c2b67ade240d0afa0a579b' },
116 silly publish   _from: '.' }
117 verbose url raw grunt-browserify
118 verbose url resolving [ 'https://registry.npmjs.org/', './grunt-browserify' ]
119 verbose url resolved https://registry.npmjs.org/grunt-browserify
120 info trying registry request attempt 1 at 10:39:01
121 http PUT https://registry.npmjs.org/grunt-browserify
122 http 409 https://registry.npmjs.org/grunt-browserify
123 verbose url raw grunt-browserify
124 verbose url resolving [ 'https://registry.npmjs.org/', './grunt-browserify' ]
125 verbose url resolved https://registry.npmjs.org/grunt-browserify
126 info trying registry request attempt 1 at 10:39:02
127 http GET https://registry.npmjs.org/grunt-browserify
128 http 200 https://registry.npmjs.org/grunt-browserify
129 error publish fail Cannot publish over existing version.
129 error publish fail Update the 'version' field in package.json and try again.
129 error publish fail
129 error publish fail If the previous version was published in error, see:
129 error publish fail     npm help unpublish
129 error publish fail
129 error publish fail To automatically increment version numbers, see:
129 error publish fail     npm help version
130 error System Darwin 12.3.0
131 error command "/Users/jmreidy/.nvm/v0.10.2/bin/node" "/Users/jmreidy/.nvm/v0.10.2/bin/npm" "publish"
132 error cwd /Users/jmreidy/Workspace/Libs/grunt-browserify
133 error node -v v0.10.2
134 error npm -v 1.2.15
135 error code EPUBLISHCONFLICT
136 verbose exit [ 1, true ]
